<?xml version="1.0" encoding="UTF-8"?>
<!-- Generated by org.testng.reporters.JUnitReportReporter -->
<testsuite hostname="GABRIEL" failures="0" tests="1" name="com.jms_pages.tests.MenuTest" time="10.442" errors="0" timestamp="2024-11-07T11:01:53 COT" skipped="0">
  <testcase classname="com.jms_pages.tests.MenuTest" name="testMenu" time="10.442"/>
  <system-out/>
</testsuite> <!-- com.jms_pages.tests.MenuTest -->
