<?xml version="1.0" encoding="UTF-8"?>
<!-- Generated by org.testng.reporters.JUnitReportReporter -->
<testsuite hostname="GABRIEL" failures="0" tests="1" name="com.jms_pages.tests.LoginTest" time="17.128" errors="0" timestamp="2024-11-07T10:44:51 COT" skipped="0">
  <testcase classname="com.jms_pages.tests.LoginTest" name="testLogin" time="17.128"/>
  <system-out/>
</testsuite> <!-- com.jms_pages.tests.LoginTest -->
